{"level":"\u001b[32minfo\u001b[39m","message":"{\"method\":\"POST\",\"url\":\"/api/v1/login\",\"status\":\"200\",\"responseTime\":\"130.284\"}","timestamp":"2025-01-17T06:49:10.628Z"}
{"level":"\u001b[32minfo\u001b[39m","message":"{\"method\":\"POST\",\"url\":\"/api/v1/signup\",\"status\":\"200\",\"responseTime\":\"138.063\"}","timestamp":"2025-01-17T06:54:22.603Z"}
{"level":"\u001b[32minfo\u001b[39m","message":"{\"method\":\"POST\",\"url\":\"/api/v1/login\",\"status\":\"200\",\"responseTime\":\"107.294\"}","timestamp":"2025-01-17T06:55:05.850Z"}
{"level":"\u001b[32minfo\u001b[39m","message":"{\"method\":\"POST\",\"url\":\"/api/v1/signup\",\"status\":\"200\",\"responseTime\":\"182.709\"}","timestamp":"2025-01-17T10:40:56.837Z"}
{"level":"\u001b[32minfo\u001b[39m","message":"{\"method\":\"POST\",\"url\":\"/api/v1/login\",\"status\":\"404\",\"responseTime\":\"4.463\"}","timestamp":"2025-01-17T10:41:29.872Z"}
{"level":"\u001b[32minfo\u001b[39m","message":"{\"method\":\"POST\",\"url\":\"/api/v1/login\",\"status\":\"200\",\"responseTime\":\"97.306\"}","timestamp":"2025-01-17T10:41:57.165Z"}
{"level":"\u001b[32minfo\u001b[39m","message":"{\"method\":\"POST\",\"url\":\"/api/v1/login\",\"status\":\"500\",\"responseTime\":\"74.214\"}","timestamp":"2025-01-17T10:42:02.743Z"}
{"level":"\u001b[32minfo\u001b[39m","message":"{\"method\":\"POST\",\"url\":\"/api/v1/login\",\"status\":\"200\",\"responseTime\":\"77.203\"}","timestamp":"2025-01-17T10:42:07.672Z"}
{"level":"\u001b[32minfo\u001b[39m","message":"{\"method\":\"POST\",\"url\":\"/api/v1/signup\",\"status\":\"200\",\"responseTime\":\"102.082\"}","timestamp":"2025-01-17T10:44:02.668Z"}
{"level":"\u001b[32minfo\u001b[39m","message":"{\"method\":\"POST\",\"url\":\"/api/v1/hotel/add\",\"status\":\"-\",\"responseTime\":\"-\"}","timestamp":"2025-01-17T11:13:02.897Z"}
{"level":"\u001b[32minfo\u001b[39m","message":"{\"method\":\"POST\",\"url\":\"/api/v1/hotel/add\",\"status\":\"501\",\"responseTime\":\"9.293\"}","timestamp":"2025-01-17T11:13:14.589Z"}
{"level":"\u001b[32minfo\u001b[39m","message":"{\"method\":\"POST\",\"url\":\"/api/v1/hotel/add\",\"status\":\"501\",\"responseTime\":\"2.714\"}","timestamp":"2025-01-17T11:14:26.141Z"}
{"level":"\u001b[32minfo\u001b[39m","message":"{\"method\":\"POST\",\"url\":\"/api/v1/hotel/add\",\"status\":\"501\",\"responseTime\":\"92.557\"}","timestamp":"2025-01-17T11:14:35.481Z"}
{"level":"\u001b[32minfo\u001b[39m","message":"{\"method\":\"POST\",\"url\":\"/api/v1/hotel/add\",\"status\":\"107\",\"responseTime\":\"3.955\"}","timestamp":"2025-01-17T11:14:43.005Z"}
{"level":"\u001b[32minfo\u001b[39m","message":"{\"method\":\"POST\",\"url\":\"/api/v1/hotel/add\",\"status\":\"107\",\"responseTime\":\"2.445\"}","timestamp":"2025-01-17T11:14:53.180Z"}
{"level":"\u001b[32minfo\u001b[39m","message":"{\"method\":\"POST\",\"url\":\"/api/v1/hotel/add\",\"status\":\"107\",\"responseTime\":\"58.797\"}","timestamp":"2025-01-17T11:15:44.423Z"}
{"level":"\u001b[32minfo\u001b[39m","message":"{\"method\":\"POST\",\"url\":\"/api/v1/hotel/add\",\"status\":\"107\",\"responseTime\":\"72.286\"}","timestamp":"2025-01-17T11:17:23.626Z"}
{"level":"\u001b[32minfo\u001b[39m","message":"{\"method\":\"POST\",\"url\":\"/api/v1/hotel/add\",\"status\":\"107\",\"responseTime\":\"57.860\"}","timestamp":"2025-01-17T11:18:45.189Z"}
{"level":"\u001b[32minfo\u001b[39m","message":"{\"method\":\"POST\",\"url\":\"/api/v1/hotel/add\",\"status\":\"107\",\"responseTime\":\"3.383\"}","timestamp":"2025-01-17T11:19:00.098Z"}
{"level":"\u001b[32minfo\u001b[39m","message":"{\"method\":\"POST\",\"url\":\"/api/v1/hotel/add\",\"status\":\"107\",\"responseTime\":\"71.040\"}","timestamp":"2025-01-17T11:19:12.481Z"}
{"level":"\u001b[32minfo\u001b[39m","message":"{\"method\":\"POST\",\"url\":\"/api/v1/hotel/add\",\"status\":\"107\",\"responseTime\":\"60.612\"}","timestamp":"2025-01-17T11:19:49.395Z"}
{"level":"\u001b[32minfo\u001b[39m","message":"{\"method\":\"POST\",\"url\":\"/api/v1/hotel/add\",\"status\":\"107\",\"responseTime\":\"3.799\"}","timestamp":"2025-01-17T11:19:59.972Z"}
{"level":"\u001b[32minfo\u001b[39m","message":"{\"method\":\"POST\",\"url\":\"/api/v1/hotel/add\",\"status\":\"107\",\"responseTime\":\"62.040\"}","timestamp":"2025-01-17T11:21:44.371Z"}
{"level":"\u001b[32minfo\u001b[39m","message":"{\"method\":\"POST\",\"url\":\"/api/v1/hotel/add\",\"status\":\"501\",\"responseTime\":\"62.716\"}","timestamp":"2025-01-17T11:23:18.519Z"}
{"level":"\u001b[32minfo\u001b[39m","message":"{\"method\":\"POST\",\"url\":\"/api/v1/hotel/add\",\"status\":\"501\",\"responseTime\":\"61.352\"}","timestamp":"2025-01-17T11:23:36.303Z"}
{"level":"\u001b[32minfo\u001b[39m","message":"{\"method\":\"POST\",\"url\":\"/api/v1/hotel/add\",\"status\":\"501\",\"responseTime\":\"60.451\"}","timestamp":"2025-01-17T11:24:14.876Z"}
{"level":"\u001b[32minfo\u001b[39m","message":"{\"method\":\"POST\",\"url\":\"/api/v1/hotel/add\",\"status\":\"101\",\"responseTime\":\"70.452\"}","timestamp":"2025-01-17T11:25:24.292Z"}
{"level":"\u001b[32minfo\u001b[39m","message":"{\"method\":\"POST\",\"url\":\"/api/v1/hotel/add\",\"status\":\"201\",\"responseTime\":\"62.285\"}","timestamp":"2025-01-17T11:25:52.626Z"}
{"level":"\u001b[32minfo\u001b[39m","message":"{\"method\":\"POST\",\"url\":\"/api/v1/hotel/add\",\"status\":\"501\",\"responseTime\":\"3.382\"}","timestamp":"2025-01-17T11:25:58.911Z"}
{"level":"\u001b[32minfo\u001b[39m","message":"{\"method\":\"POST\",\"url\":\"/api/v1/signup\",\"status\":\"200\",\"responseTime\":\"533.549\"}","timestamp":"2025-01-17T16:58:43.312Z"}
{"level":"\u001b[32minfo\u001b[39m","message":"{\"method\":\"POST\",\"url\":\"/api/v1/user/login\",\"status\":\"200\",\"responseTime\":\"352.597\"}","timestamp":"2025-01-17T17:06:10.261Z"}
{"level":"\u001b[32minfo\u001b[39m","message":"{\"method\":\"POST\",\"url\":\"/api/v1/user/signup\",\"status\":\"200\",\"responseTime\":\"11.483\"}","timestamp":"2025-01-17T17:34:49.146Z"}
{"level":"\u001b[32minfo\u001b[39m","message":"{\"method\":\"POST\",\"url\":\"/api/v1/user/signup\",\"status\":\"200\",\"responseTime\":\"8.657\"}","timestamp":"2025-01-17T17:37:21.036Z"}
{"level":"\u001b[32minfo\u001b[39m","message":"{\"method\":\"POST\",\"url\":\"/api/v1/user/signup\",\"status\":\"200\",\"responseTime\":\"3.957\"}","timestamp":"2025-01-17T17:37:37.156Z"}
{"level":"\u001b[32minfo\u001b[39m","message":"{\"method\":\"POST\",\"url\":\"/api/v1/user/signup\",\"status\":\"200\",\"responseTime\":\"7.909\"}","timestamp":"2025-01-17T17:38:44.055Z"}
{"level":"\u001b[32minfo\u001b[39m","message":"{\"method\":\"POST\",\"url\":\"/api/v1/user/signup\",\"status\":\"500\",\"responseTime\":\"14.727\"}","timestamp":"2025-01-17T17:39:14.553Z"}
{"level":"\u001b[32minfo\u001b[39m","message":"{\"method\":\"POST\",\"url\":\"/api/v1/user/signup\",\"status\":\"500\",\"responseTime\":\"39.789\"}","timestamp":"2025-01-17T17:39:58.044Z"}
{"level":"\u001b[32minfo\u001b[39m","message":"{\"method\":\"POST\",\"url\":\"/api/v1/user/signup\",\"status\":\"200\",\"responseTime\":\"21.235\"}","timestamp":"2025-01-17T17:40:58.542Z"}
{"level":"\u001b[32minfo\u001b[39m","message":"{\"method\":\"POST\",\"url\":\"/api/v1/user/signup\",\"status\":\"500\",\"responseTime\":\"12.569\"}","timestamp":"2025-01-17T17:42:22.424Z"}
{"level":"\u001b[32minfo\u001b[39m","message":"{\"method\":\"POST\",\"url\":\"/api/v1/user/signup\",\"status\":\"200\",\"responseTime\":\"22.356\"}","timestamp":"2025-01-17T17:43:44.418Z"}
{"level":"\u001b[32minfo\u001b[39m","message":"{\"method\":\"POST\",\"url\":\"/api/v1/user/signup\",\"status\":\"200\",\"responseTime\":\"27.895\"}","timestamp":"2025-01-17T17:45:57.750Z"}
{"level":"\u001b[32minfo\u001b[39m","message":"{\"method\":\"POST\",\"url\":\"/api/v1/user/signup\",\"status\":\"200\",\"responseTime\":\"31.837\"}","timestamp":"2025-01-17T17:46:45.109Z"}
{"level":"\u001b[32minfo\u001b[39m","message":"{\"method\":\"POST\",\"url\":\"/api/v1/user/signup\",\"status\":\"200\",\"responseTime\":\"28.146\"}","timestamp":"2025-01-17T17:47:57.919Z"}
{"level":"\u001b[32minfo\u001b[39m","message":"{\"method\":\"POST\",\"url\":\"/api/v1/user/signup\",\"status\":\"200\",\"responseTime\":\"12.223\"}","timestamp":"2025-01-17T17:49:08.837Z"}
{"level":"\u001b[32minfo\u001b[39m","message":"{\"method\":\"POST\",\"url\":\"/api/v1/user/signup\",\"status\":\"200\",\"responseTime\":\"25.426\"}","timestamp":"2025-01-17T17:50:22.891Z"}
{"level":"\u001b[32minfo\u001b[39m","message":"{\"method\":\"POST\",\"url\":\"/api/v1/user/signup\",\"status\":\"200\",\"responseTime\":\"17.824\"}","timestamp":"2025-01-17T17:50:47.850Z"}
{"level":"\u001b[32minfo\u001b[39m","message":"{\"method\":\"POST\",\"url\":\"/api/v1/user/signup\",\"status\":\"200\",\"responseTime\":\"17.440\"}","timestamp":"2025-01-17T18:00:30.069Z"}
{"level":"\u001b[32minfo\u001b[39m","message":"{\"method\":\"POST\",\"url\":\"/api/v1/user/signup\",\"status\":\"200\",\"responseTime\":\"22.929\"}","timestamp":"2025-01-17T18:03:13.744Z"}
{"level":"\u001b[32minfo\u001b[39m","message":"{\"method\":\"POST\",\"url\":\"/api/v1/user/signup\",\"status\":\"200\",\"responseTime\":\"33.038\"}","timestamp":"2025-01-17T18:10:52.039Z"}
{"level":"\u001b[32minfo\u001b[39m","message":"{\"method\":\"POST\",\"url\":\"/api/v1/user/signup\",\"status\":\"200\",\"responseTime\":\"18.637\"}","timestamp":"2025-01-17T18:12:04.413Z"}
{"level":"\u001b[32minfo\u001b[39m","message":"{\"method\":\"POST\",\"url\":\"/api/v1/user/signup\",\"status\":\"200\",\"responseTime\":\"20.433\"}","timestamp":"2025-01-17T18:12:37.062Z"}
{"level":"\u001b[32minfo\u001b[39m","message":"{\"method\":\"POST\",\"url\":\"/api/v1/user/signup\",\"status\":\"200\",\"responseTime\":\"35.817\"}","timestamp":"2025-01-17T18:19:46.244Z"}
{"level":"\u001b[32minfo\u001b[39m","message":"{\"method\":\"POST\",\"url\":\"/api/v1/user/signup\",\"status\":\"200\",\"responseTime\":\"45.051\"}","timestamp":"2025-01-17T18:27:20.216Z"}
{"level":"\u001b[32minfo\u001b[39m","message":"{\"method\":\"POST\",\"url\":\"/api/v1/user/signup\",\"status\":\"200\",\"responseTime\":\"25.018\"}","timestamp":"2025-01-17T18:27:47.357Z"}
{"level":"\u001b[32minfo\u001b[39m","message":"{\"method\":\"POST\",\"url\":\"/api/v1/user/signup\",\"status\":\"200\",\"responseTime\":\"7538.426\"}","timestamp":"2025-01-17T18:55:02.106Z"}
{"level":"\u001b[32minfo\u001b[39m","message":"{\"method\":\"POST\",\"url\":\"/api/v1/user/signup\",\"status\":\"200\",\"responseTime\":\"31.292\"}","timestamp":"2025-01-17T19:00:14.233Z"}
{"level":"\u001b[32minfo\u001b[39m","message":"{\"method\":\"POST\",\"url\":\"/api/v1/user/signup\",\"status\":\"200\",\"responseTime\":\"10.591\"}","timestamp":"2025-01-17T19:04:25.275Z"}
{"level":"\u001b[32minfo\u001b[39m","message":"{\"method\":\"POST\",\"url\":\"/api/v1/user/signup\",\"status\":\"400\",\"responseTime\":\"7.652\"}","timestamp":"2025-01-17T19:08:01.476Z"}
{"level":"\u001b[32minfo\u001b[39m","message":"{\"method\":\"POST\",\"url\":\"/api/v1/user/signup\",\"status\":\"400\",\"responseTime\":\"7.635\"}","timestamp":"2025-01-17T19:08:56.829Z"}
{"level":"\u001b[32minfo\u001b[39m","message":"{\"method\":\"POST\",\"url\":\"/api/v1/user/signup\",\"status\":\"200\",\"responseTime\":\"7.885\"}","timestamp":"2025-01-17T19:10:44.790Z"}
{"level":"\u001b[32minfo\u001b[39m","message":"{\"method\":\"POST\",\"url\":\"/api/v1/user/signup\",\"status\":\"200\",\"responseTime\":\"9.886\"}","timestamp":"2025-01-17T19:11:37.127Z"}
{"level":"\u001b[32minfo\u001b[39m","message":"{\"method\":\"POST\",\"url\":\"/api/v1/user/signup\",\"status\":\"200\",\"responseTime\":\"19.725\"}","timestamp":"2025-01-17T19:16:18.733Z"}
{"level":"\u001b[32minfo\u001b[39m","message":"{\"method\":\"POST\",\"url\":\"/api/v1/user/signup\",\"status\":\"200\",\"responseTime\":\"465.649\"}","timestamp":"2025-01-17T19:17:41.659Z"}
{"level":"\u001b[32minfo\u001b[39m","message":"{\"method\":\"POST\",\"url\":\"/api/v1/user/signup\",\"status\":\"500\",\"responseTime\":\"9.000\"}","timestamp":"2025-01-17T19:17:49.472Z"}
{"level":"\u001b[32minfo\u001b[39m","message":"{\"method\":\"POST\",\"url\":\"/api/v1/user/signup\",\"status\":\"200\",\"responseTime\":\"7285.645\"}","timestamp":"2025-01-17T19:18:19.755Z"}
{"level":"\u001b[32minfo\u001b[39m","message":"{\"method\":\"POST\",\"url\":\"/api/v1/user/login\",\"status\":\"200\",\"responseTime\":\"65.220\"}","timestamp":"2025-01-17T19:20:52.169Z"}
{"level":"\u001b[32minfo\u001b[39m","message":"{\"method\":\"POST\",\"url\":\"/api/v1//login\",\"status\":\"404\",\"responseTime\":\"1.864\"}","timestamp":"2025-01-17T19:24:23.394Z"}
{"level":"\u001b[32minfo\u001b[39m","message":"{\"method\":\"POST\",\"url\":\"/api/v1/user/login\",\"status\":\"200\",\"responseTime\":\"198.063\"}","timestamp":"2025-01-17T19:24:50.517Z"}
{"level":"\u001b[32minfo\u001b[39m","message":"{\"method\":\"POST\",\"url\":\"/api/v1/user/login\",\"status\":\"400\",\"responseTime\":\"4.257\"}","timestamp":"2025-01-17T19:29:04.051Z"}
{"level":"\u001b[32minfo\u001b[39m","message":"{\"method\":\"POST\",\"url\":\"/api/v1/user/login\",\"status\":\"400\",\"responseTime\":\"5.757\"}","timestamp":"2025-01-17T19:29:37.723Z"}
{"level":"\u001b[32minfo\u001b[39m","message":"{\"method\":\"POST\",\"url\":\"/api/v1/user/login\",\"status\":\"400\",\"responseTime\":\"3.692\"}","timestamp":"2025-01-17T19:29:58.316Z"}
{"level":"\u001b[32minfo\u001b[39m","message":"{\"method\":\"POST\",\"url\":\"/api/v1/user/login\",\"status\":\"400\",\"responseTime\":\"4.808\"}","timestamp":"2025-01-17T19:31:02.848Z"}
{"level":"\u001b[32minfo\u001b[39m","message":"{\"method\":\"POST\",\"url\":\"/api/v1/user/login\",\"status\":\"400\",\"responseTime\":\"4.027\"}","timestamp":"2025-01-17T19:34:39.932Z"}
{"level":"\u001b[32minfo\u001b[39m","message":"{\"method\":\"POST\",\"url\":\"/api/v1/user/login\",\"status\":\"400\",\"responseTime\":\"3.869\"}","timestamp":"2025-01-17T19:35:15.949Z"}
{"level":"\u001b[32minfo\u001b[39m","message":"{\"method\":\"POST\",\"url\":\"/api/v1/user/login\",\"status\":\"400\",\"responseTime\":\"2.771\"}","timestamp":"2025-01-17T19:36:15.308Z"}
